<?xml version="1.0" encoding="UTF-8"?>
<testsuite xmlns:xsi="http://www.w3.org/2001/XMLSchema-instance" xsi:noNamespaceSchemaLocation="https://maven.apache.org/surefire/maven-surefire-plugin/xsd/surefire-test-report.xsd" version="3.0.2" name="com.shichuang.manage.product.RequirementControllerIntegrationTest" time="8.217" tests="16" errors="0" skipped="0" failures="0">
  <properties>
[...]
</properties>
  <testcase name="createsHoldsAndAssignsRequirementWithAuditTrail" classname="com.shichuang.manage.product.RequirementControllerIntegrationTest" time="0.473">
    <system-out><![CDATA[2026-09-10T09:27:58.088+08:00  INFO 17848 --- [shichuang-manage-admin] [           main] t.c.s.AnnotationConfigContextLoaderUtils : Could not detect default configuration classes for test class [com.shichuang.manage.product.RequirementControllerIntegrationTest]: RequirementControllerIntegrationTest does not declare any static, non-private, non-final, nested classes annotated with @Configuration.
2026-09-10T09:27:58.136+08:00  INFO 17848 --- [shichuang-manage-admin] [           main] .b.t.c.SpringBootTestContextBootstrapper : Found @SpringBootConfiguration com.shichuang.manage.ManageAdminApplication for test class com.shichuang.manage.product.RequirementControllerIntegrationTest

  .   ____          _            __ _ _
 /\\ / ___'_ __ _ _(_)_ __  __ _ \ \ \ \
( ( )\___ | '_ | '_| | '_ \/ _` | \ \ \ \
 \\/  ___)| |_)| | | | | || (_| |  ) ) ) )
  '  |____| .__|_| |_|_| |_\__, | / / / /
 =========|_|==============|___/=/_/_/_/

 :: Spring Boot ::                (v3.5.0)

2026-09-10T09:27:58.374+08:00  INFO 17848 --- [shichuang-manage-admin] [           main] m.p.RequirementControllerIntegrationTest : Starting RequirementControllerIntegrationTest using Java 17.0.20.1 with PID 17848 (started by Administrator in D:\project\manage_admin\backend)
2026-09-10T09:27:58.375+08:00  INFO 17848 --- [shichuang-manage-admin] [           main] m.p.RequirementControllerIntegrationTest : The following 1 profile is active: "local"
2026-09-10T09:28:00.084+08:00  INFO 17848 --- [shichuang-manage-admin] [           main] com.zaxxer.hikari.HikariDataSource       : HikariPool-2 - Starting...
2026-09-10T09:28:00.094+08:00  INFO 17848 --- [shichuang-manage-admin] [           main] com.zaxxer.hikari.pool.HikariPool        : HikariPool-2 - Added connection com.mysql.cj.jdbc.ConnectionImpl@20425fab
2026-09-10T09:28:00.095+08:00  INFO 17848 --- [shichuang-manage-admin] [           main] com.zaxxer.hikari.HikariDataSource       : HikariPool-2 - Start completed.
2026-09-10T09:28:00.106+08:00  INFO 17848 --- [shichuang-manage-admin] [           main] org.flywaydb.core.FlywayExecutor         : Database: jdbc:mysql://127.0.0.1:3306/eaf_project_f194fd0628?useUnicode=true&characterEncoding=utf8&serverTimezone=Asia/Shanghai&useSSL=false&allowPublicKeyRetrieval=true (MySQL 8.4)
2026-09-10T09:28:00.116+08:00  WARN 17848 --- [shichuang-manage-admin] [           main] o.f.c.internal.database.base.Database    : Flyway upgrade recommended: MySQL 8.4 is newer than this version of Flyway and support has not been tested. The latest supported version of MySQL is 8.1.
2026-09-10T09:28:00.169+08:00  INFO 17848 --- [shichuang-manage-admin] [           main] o.f.core.internal.command.DbValidate     : Successfully validated 28 migrations (execution time 00:00.047s)
2026-09-10T09:28:00.188+08:00  INFO 17848 --- [shichuang-manage-admin] [           main] o.f.core.internal.command.DbMigrate      : Current version of schema `eaf_project_f194fd0628`: 1.0.27
2026-09-10T09:28:00.189+08:00  INFO 17848 --- [shichuang-manage-admin] [           main] o.f.core.internal.command.DbMigrate      : Schema `eaf_project_f194fd0628` is up to date. No migration necessary.
2026-09-10T09:28:02.568+08:00  INFO 17848 --- [shichuang-manage-admin] [           main] o.s.b.t.m.w.SpringBootMockServletContext : Initializing Spring TestDispatcherServlet ''
2026-09-10T09:28:02.569+08:00  INFO 17848 --- [shichuang-manage-admin] [           main] o.s.t.web.servlet.TestDispatcherServlet  : Initializing Servlet ''
2026-09-10T09:28:02.591+08:00  INFO 17848 --- [shichuang-manage-admin] [           main] o.s.b.a.e.web.EndpointLinksResolver      : Exposing 1 endpoint beneath base path '/actuator'
2026-09-10T09:28:02.695+08:00  INFO 17848 --- [shichuang-manage-admin] [           main] o.s.t.web.servlet.TestDispatcherServlet  : Completed initialization in 125 ms
2026-09-10T09:28:03.049+08:00  INFO 17848 --- [shichuang-manage-admin] [           main] m.p.RequirementControllerIntegrationTest : Started RequirementControllerIntegrationTest in 4.906 seconds (process running for 18.368)
2026-09-10T09:28:03.054+08:00  WARN 17848 --- [shichuang-manage-admin] [           main] o.s.core.events.SpringDocAppInitializer  : SpringDoc /v3/api-docs endpoint is enabled by default. To disable it in production, set the property 'springdoc.api-docs.enabled=false'
]]></system-out>
  </testcase>
  <testcase name="writesEveryTaskTypeToItsDownstreamRecord" classname="com.shichuang.manage.product.RequirementControllerIntegrationTest" time="0.561"/>
  <testcase name="routesOtherProblemSourceToSelectedDesignTask" classname="com.shichuang.manage.product.RequirementControllerIntegrationTest" time="0.112"/>
  <testcase name="downstreamFailureRollsBackRequirementFlow" classname="com.shichuang.manage.product.RequirementControllerIntegrationTest" time="0.249"/>
  <testcase name="rejectsStaleRequirementVersionAndBlocksTerminalStateOperations" classname="com.shichuang.manage.product.RequirementControllerIntegrationTest" time="0.186"/>
  <testcase name="rejectsMissingReasonAndDuplicateActiveWorkItem" classname="com.shichuang.manage.product.RequirementControllerIntegrationTest" time="0.103"/>
  <testcase name="listsDownstreamSyncStatusWithTenantScopedPagination" classname="com.shichuang.manage.product.RequirementControllerIntegrationTest" time="0.315"/>
  <testcase name="blocksInvalidTaskTargetAndUnauthorizedProductWrite" classname="com.shichuang.manage.product.RequirementControllerIntegrationTest" time="0.078"/>
  <testcase name="isolatesRequirementReadsBySessionTenant" classname="com.shichuang.manage.product.RequirementControllerIntegrationTest" time="0.136"/>
  <testcase name="completingWorkItemSynchronizesRequirementStatusAndAuditTrail" classname="com.shichuang.manage.product.RequirementControllerIntegrationTest" time="0.163"/>
  <testcase name="validatesStandaloneTaskTitleBeforeDatabaseWrite" classname="com.shichuang.manage.product.RequirementControllerIntegrationTest" time="0.048"/>
  <testcase name="retriesMissingDownstreamRecordIdempotently" classname="com.shichuang.manage.product.RequirementControllerIntegrationTest" time="0.134"/>
  <testcase name="listsAuditEventsWithPaginationAndFilters" classname="com.shichuang.manage.product.RequirementControllerIntegrationTest" time="0.173"/>
  <testcase name="verifiesRequirementIntegrityIndexesAuditColumnsAndAssociations" classname="com.shichuang.manage.product.RequirementControllerIntegrationTest" time="0.076"/>
  <testcase name="isolatesBugAndDevDetailsByTenant" classname="com.shichuang.manage.product.RequirementControllerIntegrationTest" time="0.053"/>
  <testcase name="concurrentCreateWorkItemKeepsSingleActiveFlow" classname="com.shichuang.manage.product.RequirementControllerIntegrationTest" time="0.182"/>
</testsuite>