<?xml version="1.0" encoding="UTF-8"?>
<testsuite xmlns:xsi="http://www.w3.org/2001/XMLSchema-instance" xsi:noNamespaceSchemaLocation="https://maven.apache.org/surefire/maven-surefire-plugin/xsd/surefire-test-report.xsd" version="3.0.2" name="com.shichuang.manage.auth.LocalAuthFilterTest" time="0.752" tests="5" errors="0" skipped="0" failures="0">
  <properties>
[...]
</properties>
  <testcase name="rejectsProtectedRequestWithoutBearerToken" classname="com.shichuang.manage.auth.LocalAuthFilterTest" time="0.556"/>
  <testcase name="allowsDevelopmentLoginWithoutAuthentication" classname="com.shichuang.manage.auth.LocalAuthFilterTest" time="0.003"/>
  <testcase name="blocksSalesRoleFromWritingProductData" classname="com.shichuang.manage.auth.LocalAuthFilterTest" time="0.107"/>
  <testcase name="exposesConfiguredTenantWithoutHardCodingRequestContext" classname="com.shichuang.manage.auth.LocalAuthFilterTest" time="0.01"/>
  <testcase name="allowsAuthenticatedReadRequestAndExposesSession" classname="com.shichuang.manage.auth.LocalAuthFilterTest" time="0.005"/>
</testsuite>